#
# There is insufficient memory for the Java Runtime Environment to continue.
# Native memory allocation (mmap) failed to map 132120576 bytes for G1 virtual space
# Possible reasons:
#   The system is out of physical RAM or swap space
#   The process is running with CompressedOops enabled, and the Java Heap may be blocking the growth of the native heap
# Possible solutions:
#   Reduce memory load on the system
#   Increase physical memory or swap space
#   Check if swap backing store is full
#   Decrease Java heap size (-Xmx/-Xms)
#   Decrease number of Java threads
#   Decrease Java thread stack sizes (-Xss)
#   Set larger code cache with -XX:ReservedCodeCacheSize=
#   JVM is running with Unscaled Compressed Oops mode in which the Java heap is
#     placed in the first 4GB address space. The Java Heap base address is the
#     maximum limit for the native heap growth. Please use -XX:HeapBaseMinAddress
#     to set the Java Heap base and to place the Java Heap above 4GB virtual address.
# This output file may be truncated or incomplete.
#
#  Out of Memory Error (os_windows.cpp:3466), pid=20924, tid=15252
#
# JRE version:  (16.0.2+7) (build )
# Java VM: Java HotSpot(TM) 64-Bit Server VM (16.0.2+7-67, mixed mode, sharing, tiered, compressed oops, compressed class ptrs, g1 gc, windows-amd64)
# No core dump will be written. Minidumps are not enabled by default on client versions of Windows
#

---------------  S U M M A R Y ------------

Command Line: -agentlib:jdwp=transport=dt_socket,server=n,address=56117 F:\Netbeans\PDC_Repository\target\surefire\surefirebooter18288022817497390963.jar F:\Netbeans\PDC_Repository\target\surefire\surefire12342039488823001170tmp F:\Netbeans\PDC_Repository\target\surefire\surefire_012401499444624137709tmp

Host: Intel(R) Core(TM) i7-9750H CPU @ 2.60GHz, 12 cores, 7G,  Windows 10 , 64 bit Build 19041 (10.0.19041.1348)
Time: Tue Nov 16 23:49:05 2021  Windows 10 , 64 bit Build 19041 (10.0.19041.1348) elapsed time: 0.011772 seconds (0d 0h 0m 0s)

---------------  T H R E A D  ---------------

Current thread (0x0000022ff128dc60):  JavaThread "Unknown thread" [_thread_in_vm, id=15252, stack(0x000000c480800000,0x000000c480900000)]

Stack: [0x000000c480800000,0x000000c480900000]
Native frames: (J=compiled Java code, j=interpreted, Vv=VM code, C=native code)
V  [jvm.dll+0x6681ca]
V  [jvm.dll+0x7c9e69]
V  [jvm.dll+0x7cb61e]
V  [jvm.dll+0x7cbc73]
V  [jvm.dll+0x242c55]
V  [jvm.dll+0x664f89]
V  [jvm.dll+0x659b75]
V  [jvm.dll+0x2fbfbb]
V  [jvm.dll+0x3031b6]
V  [jvm.dll+0x35299e]
V  [jvm.dll+0x352bcf]
V  [jvm.dll+0x2d3028]
V  [jvm.dll+0x2d4264]
V  [jvm.dll+0x79c741]
V  [jvm.dll+0x360791]
V  [jvm.dll+0x77a3f0]
V  [jvm.dll+0x3e4e8f]
V  [jvm.dll+0x3e6961]
C  [jli.dll+0x52fb]
C  [ucrtbase.dll+0x21bb2]
C  [KERNEL32.DLL+0x17034]
C  [ntdll.dll+0x52651]


---------------  P R O C E S S  ---------------

Threads class SMR info:
_java_thread_list=0x00007ff88aa8cbb8, length=0, elements={
}

Java Threads: ( => current thread )

Other Threads:
  0x0000022ff12cd350 GCTaskThread "GC Thread#0" [stack: 0x000000c480900000,0x000000c480a00000] [id=20684]
  0x0000022ff12e00f0 ConcurrentGCThread "G1 Main Marker" [stack: 0x000000c480a00000,0x000000c480b00000] [id=14484]
  0x0000022ff12e0b60 ConcurrentGCThread "G1 Conc#0" [stack: 0x000000c480b00000,0x000000c480c00000] [id=7456]

[error occurred during error reporting (printing all threads), id 0xc0000005, EXCEPTION_ACCESS_VIOLATION (0xc0000005) at pc=0x00007ff88a263ee7]

VM state: not at safepoint (not fully initialized)

VM Mutex/Monitor currently owned by a thread:  ([mutex/lock_event])
[0x0000022ff1289c30] Heap_lock - owner thread: 0x0000022ff128dc60

Heap address: 0x0000000083600000, size: 1994 MB, Compressed Oops mode: 32-bit

CDS archive(s) mapped at: [0x0000000000000000-0x0000000000000000-0x0000000000000000), size 0, SharedBaseAddress: 0x0000000800000000, ArchiveRelocationMode: 0.
Narrow klass base: 0x0000000000000000, Narrow klass shift: 0, Narrow klass range: 0x0

GC Precious Log:
<Empty>

Heap:
 garbage-first heap   total 0K, used 0K [0x0000000083600000, 0x0000000100000000)
  region size 1024K, 0 young (0K), 0 survivors (0K)

[error occurred during error reporting (printing heap information), id 0xc0000005, EXCEPTION_ACCESS_VIOLATION (0xc0000005) at pc=0x00007ff88a641eed]

GC Heap History (0 events):
No events

Deoptimization events (0 events):
No events

Classes unloaded (0 events):
No events

Classes redefined (0 events):
No events

Internal exceptions (0 events):
No events

Events (1 events):
Event: 0.007 Loaded shared library C:\Program Files\Java\jdk-16.0.2\bin\java.dll


Dynamic libraries:
0x00007ff6cab80000 - 0x00007ff6cab90000 	C:\Program Files\Java\jdk-16.0.2\bin\java.exe
0x00007ff8fbbd0000 - 0x00007ff8fbdc5000 	C:\WINDOWS\SYSTEM32\ntdll.dll
0x00007ff8fba70000 - 0x00007ff8fbb2e000 	C:\WINDOWS\System32\KERNEL32.DLL
0x00007ff8f9920000 - 0x00007ff8f9be8000 	C:\WINDOWS\System32\KERNELBASE.dll
0x00007ff8f9450000 - 0x00007ff8f9550000 	C:\WINDOWS\System32\ucrtbase.dll
0x00007ff8db6c0000 - 0x00007ff8db6d8000 	C:\Program Files\Java\jdk-16.0.2\bin\jli.dll
0x00007ff8db360000 - 0x00007ff8db379000 	C:\Program Files\Java\jdk-16.0.2\bin\VCRUNTIME140.dll
0x00007ff8fb770000 - 0x00007ff8fb81c000 	C:\WINDOWS\System32\ADVAPI32.dll
0x00007ff8fa1d0000 - 0x00007ff8fa26e000 	C:\WINDOWS\System32\msvcrt.dll
0x00007ff8fb6d0000 - 0x00007ff8fb76b000 	C:\WINDOWS\System32\sechost.dll
0x00007ff8f9c80000 - 0x00007ff8f9daa000 	C:\WINDOWS\System32\RPCRT4.dll
0x00007ff8fac60000 - 0x00007ff8fae01000 	C:\WINDOWS\System32\USER32.dll
0x00007ff8f9bf0000 - 0x00007ff8f9c12000 	C:\WINDOWS\System32\win32u.dll
0x00007ff8dbbf0000 - 0x00007ff8dbe8a000 	C:\WINDOWS\WinSxS\amd64_microsoft.windows.common-controls_6595b64144ccf1df_6.0.19041.1110_none_60b5254171f9507e\COMCTL32.dll
0x00007ff8fb9d0000 - 0x00007ff8fb9fb000 	C:\WINDOWS\System32\GDI32.dll
0x00007ff8f9780000 - 0x00007ff8f988b000 	C:\WINDOWS\System32\gdi32full.dll
0x00007ff8f9650000 - 0x00007ff8f96ed000 	C:\WINDOWS\System32\msvcp_win.dll
0x00007ff8efc90000 - 0x00007ff8efc9a000 	C:\WINDOWS\SYSTEM32\VERSION.dll
0x00007ff8faee0000 - 0x00007ff8faf10000 	C:\WINDOWS\System32\IMM32.DLL
0x00007ff8eeff0000 - 0x00007ff8eeffc000 	C:\Program Files\Java\jdk-16.0.2\bin\vcruntime140_1.dll
0x00007ff8b7f80000 - 0x00007ff8b8011000 	C:\Program Files\Java\jdk-16.0.2\bin\msvcp140.dll
0x00007ff889f80000 - 0x00007ff88ab2b000 	C:\Program Files\Java\jdk-16.0.2\bin\server\jvm.dll
0x00007ff8f9db0000 - 0x00007ff8f9db8000 	C:\WINDOWS\System32\PSAPI.DLL
0x00007ff8e9ca0000 - 0x00007ff8e9ca9000 	C:\WINDOWS\SYSTEM32\WSOCK32.dll
0x00007ff8df830000 - 0x00007ff8df857000 	C:\WINDOWS\SYSTEM32\WINMM.dll
0x00007ff8fb0c0000 - 0x00007ff8fb12b000 	C:\WINDOWS\System32\WS2_32.dll
0x00007ff8f7b40000 - 0x00007ff8f7b52000 	C:\WINDOWS\SYSTEM32\kernel.appcore.dll
0x00007ff8edd00000 - 0x00007ff8edd0a000 	C:\Program Files\Java\jdk-16.0.2\bin\jimage.dll
0x00007ff8f77a0000 - 0x00007ff8f7984000 	C:\WINDOWS\SYSTEM32\DBGHELP.DLL
0x00007ff8edc30000 - 0x00007ff8edc5c000 	C:\WINDOWS\SYSTEM32\dbgcore.DLL
0x00007ff8f96f0000 - 0x00007ff8f9773000 	C:\WINDOWS\System32\bcryptPrimitives.dll
0x00007ff8e7db0000 - 0x00007ff8e7deb000 	C:\Program Files\Java\jdk-16.0.2\bin\jdwp.dll
0x00007ff8d9860000 - 0x00007ff8d9885000 	C:\Program Files\Java\jdk-16.0.2\bin\java.dll

dbghelp: loaded successfully - version: 4.0.5 - missing functions: none
symbol engine: initialized successfully - sym options: 0x614 - pdb path: .;C:\Program Files\Java\jdk-16.0.2\bin;C:\WINDOWS\SYSTEM32;C:\WINDOWS\WinSxS\amd64_microsoft.windows.common-controls_6595b64144ccf1df_6.0.19041.1110_none_60b5254171f9507e;C:\Program Files\Java\jdk-16.0.2\bin\server

VM Arguments:
jvm_args: -agentlib:jdwp=transport=dt_socket,server=n,address=56117 
java_command: F:\Netbeans\PDC_Repository\target\surefire\surefirebooter18288022817497390963.jar F:\Netbeans\PDC_Repository\target\surefire\surefire12342039488823001170tmp F:\Netbeans\PDC_Repository\target\surefire\surefire_012401499444624137709tmp
java_class_path (initial): F:\Netbeans\PDC_Repository\target\surefire\surefirebooter18288022817497390963.jar
Launcher Type: SUN_STANDARD

[Global flags]
     intx CICompilerCount                          = 4                                         {product} {ergonomic}
     uint ConcGCThreads                            = 3                                         {product} {ergonomic}
     uint G1ConcRefinementThreads                  = 10                                        {product} {ergonomic}
   size_t G1HeapRegionSize                         = 1048576                                   {product} {ergonomic}
    uintx GCDrainStackTargetSize                   = 64                                        {product} {ergonomic}
   size_t InitialHeapSize                          = 132120576                                 {product} {ergonomic}
   size_t MarkStackSize                            = 4194304                                   {product} {ergonomic}
   size_t MaxHeapSize                              = 2090860544                                {product} {ergonomic}
   size_t MinHeapDeltaBytes                        = 1048576                                   {product} {ergonomic}
   size_t MinHeapSize                              = 8388608                                   {product} {ergonomic}
    uintx NonNMethodCodeHeapSize                   = 5839372                                {pd product} {ergonomic}
    uintx NonProfiledCodeHeapSize                  = 122909434                              {pd product} {ergonomic}
    uintx ProfiledCodeHeapSize                     = 122909434                              {pd product} {ergonomic}
    uintx ReservedCodeCacheSize                    = 251658240                              {pd product} {ergonomic}
     bool SegmentedCodeCache                       = true                                      {product} {ergonomic}
   size_t SoftMaxHeapSize                          = 2090860544                             {manageable} {ergonomic}
     bool UseCompressedClassPointers               = true                           {product lp64_product} {ergonomic}
     bool UseCompressedOops                        = true                           {product lp64_product} {ergonomic}
     bool UseG1GC                                  = true                                      {product} {ergonomic}
     bool UseLargePagesIndividualAllocation        = false                                  {pd product} {ergonomic}

Logging:
Log output configuration:
 #0: stdout all=warning uptime,level,tags
 #1: stderr all=off uptime,level,tags

Environment Variables:
JAVA_HOME=C:\Program Files\Java\jdk-16.0.2
CLASSPATH=.
PATH=G:\DevTools\apache-maven-3.8.2\bin;C:\Program Files\Common Files\Oracle\Java\javapath;C:\Program Files\Microsoft MPI\Bin\;G:\DevTools\python\Scripts\;G:\DevTools\python\;C:\Program Files (x86)\Common Files\Intel\Shared Libraries\redist\intel64\compiler;C:\Program Files (x86)\Common Files\Oracle\Java\javapath;C:\Windows\system32;C:\Windows;C:\Windows\System32\Wbem;C:\Windows\System32\WindowsPowerShell\v1.0\;C:\Windows\System32\OpenSSH\;C:\Program Files\Intel\WiFi\bin\;C:\Program Files\Common Files\Intel\WirelessCommon\;C:\Program Files\NVIDIA Corporation\NVIDIA NvDLISR;C:\Program Files\dotnet\;C:\Program Files\Java\jdk-16.0.2\bin;C:\WINDOWS\system32;C:\WINDOWS;C:\WINDOWS\System32\Wbem;C:\WINDOWS\System32\WindowsPowerShell\v1.0\;C:\WINDOWS\System32\OpenSSH\;G:\MinGW\bin\;C:\Program Files (x86)\NVIDIA Corporation\PhysX\Common;C:\WINDOWS\system32;C:\WINDOWS;C:\WINDOWS\System32\Wbem;C:\WINDOWS\System32\WindowsPowerShell\v1.0\;C:\WINDOWS\System32\OpenSSH\;G:\LINGO64_18\;G:\Program Files\Polyspace\R2021a\runtime\win64;G:\Program Files\Polyspace\R2021a\bin;G:\Program Files\Polyspace\R2021a\polyspace\bin;C:\Program Files\Microsoft SQL Server\Client SDK\ODBC\170\Tools\Binn\;C:\Program Files (x86)\Microsoft SQL Server\150\Tools\Binn\;C:\Program Files\Microsoft SQL Server\150\Tools\Binn\;C:\Program Files\Microsoft SQL Server\150\DTS\Binn\;C:\Program Files\Azure Data Studio\bin;C:\Program Files (x86)\Microsoft SQL Server\150\DTS\Binn\;C:\Program Files (x86)\dotnet\;G:\DevTools\Git\cmd;C:\Program Files\MySQL\MySQL Server 8.0\bin;C:\Program Files\MySQL\MySQL Shell 8.0\bin\;C:\Users\Arthur\AppData\Local\Microsoft\WindowsApps;G:\DevTools\Microsoft VS Code\bin;;G:\DevTools\python\PyCharm Community Edition 2020.3.3\bin;;C:\Program Files\Azure Data Studio\bin
USERNAME=Arthur
OS=Windows_NT
PROCESSOR_IDENTIFIER=Intel64 Family 6 Model 158 Stepping 10, GenuineIntel



---------------  S Y S T E M  ---------------

OS:
 Windows 10 , 64 bit Build 19041 (10.0.19041.1348)
OS uptime: 5 days 1:55 hours
Hyper-V role detected

CPU: total 12 (initial active 12) (6 cores per cpu, 2 threads per core) family 6 model 158 stepping 10 microcode 0xde, cx8, cmov, fxsr, ht, mmx, 3dnowpref, sse, sse2, sse3, ssse3, sse4.1, sse4.2, popcnt, lzcnt, tsc, tscinvbit, avx, avx2, aes, erms, clmul, bmi1, bmi2, adx, fma, vzeroupper, clflush, clflushopt, hv

Memory: 4k page, system-wide physical 7972M (314M free)
TotalPageFile size 32545M (AvailPageFile size 94M)
current process WorkingSet (physical memory assigned to process): 10M, peak: 10M
current process commit charge ("private bytes"): 64M, peak: 190M

vm_info: Java HotSpot(TM) 64-Bit Server VM (16.0.2+7-67) for windows-amd64 JRE (16.0.2+7-67), built on Jun  8 2021 23:24:19 by "mach5one" with MS VC++ 16.7 (VS2019)

END.
